[NX Daemon Server] - 2025-02-14T15:21:23.519Z - Started listening on: /var/folders/ms/hznfwhls7zbbdtmdfvv9yky40000gn/T/7a620bbfb50ba7a12946/d.sock
[NX Daemon Server] - 2025-02-14T15:21:23.519Z - [WATCHER]: Subscribed to changes within: /Users/jasonchen/Desktop/self/forge-cli (native)
[NX Daemon Server] - 2025-02-14T15:21:23.521Z - Established a connection. Number of open connections: 1
[NX Daemon Server] - 2025-02-14T15:21:23.521Z - Established a connection. Number of open connections: 2
[NX Daemon Server] - 2025-02-14T15:21:23.522Z - Closed a connection. Number of open connections: 1
[NX Daemon Server] - 2025-02-14T15:21:23.522Z - [REQUEST]: Client Request for Project Graph Received
[NX Daemon Server] - 2025-02-14T15:21:23.524Z - Time taken for 'loadSpecifiedNxPlugins' 0.47504099970683455ms
[NX Daemon Server] - 2025-02-14T15:21:23.581Z - [WATCHER]: Processing file changes in outputs
[NX Daemon Server] - 2025-02-14T15:21:23.622Z - Time taken for 'Load Nx Plugin: /Users/jasonchen/Desktop/self/forge-cli/node_modules/nx/src/plugins/package-json' 98.79683299968019ms
[NX Daemon Server] - 2025-02-14T15:21:23.622Z - Time taken for 'Load Nx Plugin: /Users/jasonchen/Desktop/self/forge-cli/node_modules/nx/src/plugins/project-json/build-nodes/project-json' 99.02350000012666ms
[NX Daemon Server] - 2025-02-14T15:21:23.625Z - [REQUEST]: Updated workspace context based on watched changes, recomputing project graph...
[NX Daemon Server] - 2025-02-14T15:21:23.625Z - [REQUEST]: 
[NX Daemon Server] - 2025-02-14T15:21:23.625Z - [REQUEST]: 
[NX Daemon Server] - 2025-02-14T15:21:23.628Z - Time taken for 'loadDefaultNxPlugins' 102.66433300031349ms
[NX Daemon Server] - 2025-02-14T15:21:23.640Z - Time taken for 'build-project-configs' 6.183792000170797ms
[NX Daemon Server] - 2025-02-14T15:21:23.656Z - [SYNC]: collect registered sync generators
[NX Daemon Server] - 2025-02-14T15:21:23.656Z - [REQUEST]: Responding to the client. project-graph
[NX Daemon Server] - 2025-02-14T15:21:23.656Z - Time taken for 'total for creating and serializing project graph' 133.9301670002751ms
[NX Daemon Server] - 2025-02-14T15:21:23.658Z - Done responding to the client project-graph
[NX Daemon Server] - 2025-02-14T15:21:23.659Z - Handled REQUEST_PROJECT_GRAPH. Handling time: 134. Response time: 3.
[NX Daemon Server] - 2025-02-14T15:21:23.660Z - [REQUEST]: Responding to the client. handleContextFileData
[NX Daemon Server] - 2025-02-14T15:21:23.660Z - Done responding to the client handleContextFileData
[NX Daemon Server] - 2025-02-14T15:21:23.660Z - Handled GET_CONTEXT_FILE_DATA. Handling time: 0. Response time: 0.
[NX Daemon Server] - 2025-02-14T15:21:23.730Z - Closed a connection. Number of open connections: 0
[NX Daemon Server] - 2025-02-14T15:22:04.671Z - [WATCHER]: lerna.json was modified
[NX Daemon Server] - 2025-02-14T15:22:04.671Z - [WATCHER]: Processing file changes in outputs
[NX Daemon Server] - 2025-02-14T15:22:04.771Z - [REQUEST]: Updated workspace context based on watched changes, recomputing project graph...
[NX Daemon Server] - 2025-02-14T15:22:04.771Z - [REQUEST]: lerna.json
[NX Daemon Server] - 2025-02-14T15:22:04.771Z - [REQUEST]: 
[NX Daemon Server] - 2025-02-14T15:22:04.773Z - Time taken for 'hash changed files from watcher' 0.0775419999845326ms
[NX Daemon Server] - 2025-02-14T15:22:04.777Z - Time taken for 'build-project-configs' 4.561832999810576ms
[NX Daemon Server] - 2025-02-14T15:22:04.785Z - [SYNC]: collect registered sync generators
[NX Daemon Server] - 2025-02-14T15:22:04.785Z - [SYNC]: project graph hash is the same, not collecting task sync generators
[NX Daemon Server] - 2025-02-14T15:22:04.785Z - [SYNC]: nx.json hash is the same, not collecting global sync generators
[NX Daemon Server] - 2025-02-14T15:22:04.785Z - Time taken for 'total execution time for createProjectGraph()' 6.012124999891967ms
[NX Daemon Server] - 2025-02-14T15:22:11.435Z - [WATCHER]: lerna.json was modified
[NX Daemon Server] - 2025-02-14T15:22:11.436Z - [WATCHER]: Processing file changes in outputs
[NX Daemon Server] - 2025-02-14T15:22:11.636Z - [REQUEST]: Updated workspace context based on watched changes, recomputing project graph...
[NX Daemon Server] - 2025-02-14T15:22:11.636Z - [REQUEST]: lerna.json
[NX Daemon Server] - 2025-02-14T15:22:11.636Z - [REQUEST]: 
[NX Daemon Server] - 2025-02-14T15:22:11.639Z - Time taken for 'hash changed files from watcher' 0.12083399994298816ms
[NX Daemon Server] - 2025-02-14T15:22:11.647Z - Time taken for 'build-project-configs' 7.4170000003650784ms
[NX Daemon Server] - 2025-02-14T15:22:11.660Z - [SYNC]: collect registered sync generators
[NX Daemon Server] - 2025-02-14T15:22:11.660Z - [SYNC]: project graph hash is the same, not collecting task sync generators
[NX Daemon Server] - 2025-02-14T15:22:11.660Z - [SYNC]: nx.json hash is the same, not collecting global sync generators
[NX Daemon Server] - 2025-02-14T15:22:11.660Z - Time taken for 'total execution time for createProjectGraph()' 11.365958999842405ms
[NX Daemon Server] - 2025-02-14T15:22:11.800Z - [WATCHER]: lerna.json was modified
[NX Daemon Server] - 2025-02-14T15:22:11.800Z - [WATCHER]: Processing file changes in outputs
[NX Daemon Server] - 2025-02-14T15:22:11.999Z - [WATCHER]: lerna.json was modified
[NX Daemon Server] - 2025-02-14T15:22:12.000Z - [WATCHER]: Processing file changes in outputs
[NX Daemon Server] - 2025-02-14T15:22:12.200Z - [REQUEST]: Updated workspace context based on watched changes, recomputing project graph...
[NX Daemon Server] - 2025-02-14T15:22:12.200Z - [REQUEST]: lerna.json
[NX Daemon Server] - 2025-02-14T15:22:12.200Z - [REQUEST]: 
[NX Daemon Server] - 2025-02-14T15:22:12.201Z - Time taken for 'hash changed files from watcher' 0.10112500004470348ms
[NX Daemon Server] - 2025-02-14T15:22:12.206Z - Time taken for 'build-project-configs' 4.4754160000011325ms
[NX Daemon Server] - 2025-02-14T15:22:12.207Z - [WATCHER]: lerna.json was modified
[NX Daemon Server] - 2025-02-14T15:22:12.207Z - [WATCHER]: Processing file changes in outputs
[NX Daemon Server] - 2025-02-14T15:22:12.215Z - [SYNC]: collect registered sync generators
[NX Daemon Server] - 2025-02-14T15:22:12.215Z - [SYNC]: project graph hash is the same, not collecting task sync generators
[NX Daemon Server] - 2025-02-14T15:22:12.215Z - [SYNC]: nx.json hash is the same, not collecting global sync generators
[NX Daemon Server] - 2025-02-14T15:22:12.215Z - Time taken for 'total execution time for createProjectGraph()' 6.712041000369936ms
[NX Daemon Server] - 2025-02-14T15:22:13.007Z - [REQUEST]: Updated workspace context based on watched changes, recomputing project graph...
[NX Daemon Server] - 2025-02-14T15:22:13.008Z - [REQUEST]: lerna.json
[NX Daemon Server] - 2025-02-14T15:22:13.008Z - [REQUEST]: 
[NX Daemon Server] - 2025-02-14T15:22:13.012Z - Time taken for 'hash changed files from watcher' 0.28487499989569187ms
[NX Daemon Server] - 2025-02-14T15:22:13.024Z - Time taken for 'build-project-configs' 11.282165999989957ms
[NX Daemon Server] - 2025-02-14T15:22:13.035Z - [SYNC]: collect registered sync generators
[NX Daemon Server] - 2025-02-14T15:22:13.035Z - [SYNC]: project graph hash is the same, not collecting task sync generators
[NX Daemon Server] - 2025-02-14T15:22:13.035Z - [SYNC]: nx.json hash is the same, not collecting global sync generators
[NX Daemon Server] - 2025-02-14T15:22:13.035Z - Time taken for 'total execution time for createProjectGraph()' 10.449749999679625ms
[NX Daemon Server] - 2025-02-14T15:22:32.576Z - Established a connection. Number of open connections: 1
[NX Daemon Server] - 2025-02-14T15:22:32.577Z - Closed a connection. Number of open connections: 0
[NX Daemon Server] - 2025-02-14T15:22:32.578Z - Established a connection. Number of open connections: 1
[NX Daemon Server] - 2025-02-14T15:22:32.578Z - [REQUEST]: Client Request for Project Graph Received
[NX Daemon Server] - 2025-02-14T15:22:32.578Z - [REQUEST]: Responding to the client. project-graph
[NX Daemon Server] - 2025-02-14T15:22:32.579Z - Time taken for 'total for creating and serializing project graph' 0.09550000028684735ms
[NX Daemon Server] - 2025-02-14T15:22:32.579Z - Done responding to the client project-graph
[NX Daemon Server] - 2025-02-14T15:22:32.579Z - Handled REQUEST_PROJECT_GRAPH. Handling time: 0. Response time: 1.
[NX Daemon Server] - 2025-02-14T15:22:32.581Z - [REQUEST]: Responding to the client. handleContextFileData
[NX Daemon Server] - 2025-02-14T15:22:32.581Z - Done responding to the client handleContextFileData
[NX Daemon Server] - 2025-02-14T15:22:32.581Z - Handled GET_CONTEXT_FILE_DATA. Handling time: 0. Response time: 0.
[NX Daemon Server] - 2025-02-14T15:22:38.115Z - Closed a connection. Number of open connections: 0
[NX Daemon Server] - 2025-02-14T15:22:56.723Z - [WATCHER]: .gitignore was modified
[NX Daemon Server] - 2025-02-14T15:22:56.724Z - [WATCHER]: Processing file changes in outputs
[NX Daemon Server] - 2025-02-14T15:22:56.724Z - [WATCHER]: Stopping the watcher for /Users/jasonchen/Desktop/self/forge-cli (sources)
[NX Daemon Server] - 2025-02-14T15:22:56.724Z - [WATCHER]: Stopping the watcher for /Users/jasonchen/Desktop/self/forge-cli (outputs)
[NX Daemon Server] - 2025-02-14T15:22:56.724Z - Server stopped because: "Stopping the daemon the set of ignored files changed (native)"
[NX Daemon Server] - 2025-02-14T15:25:56.215Z - Started listening on: /var/folders/ms/hznfwhls7zbbdtmdfvv9yky40000gn/T/7a620bbfb50ba7a12946/d.sock
[NX Daemon Server] - 2025-02-14T15:25:56.216Z - [WATCHER]: Subscribed to changes within: /Users/jasonchen/Desktop/self/forge-cli (native)
[NX Daemon Server] - 2025-02-14T15:25:56.217Z - Established a connection. Number of open connections: 1
[NX Daemon Server] - 2025-02-14T15:25:56.217Z - Established a connection. Number of open connections: 2
[NX Daemon Server] - 2025-02-14T15:25:56.218Z - Closed a connection. Number of open connections: 1
[NX Daemon Server] - 2025-02-14T15:25:56.218Z - [REQUEST]: Client Request for Project Graph Received
[NX Daemon Server] - 2025-02-14T15:25:56.220Z - Time taken for 'loadSpecifiedNxPlugins' 0.4115829998627305ms
[NX Daemon Server] - 2025-02-14T15:25:56.277Z - [WATCHER]: Processing file changes in outputs
[NX Daemon Server] - 2025-02-14T15:25:56.321Z - Time taken for 'Load Nx Plugin: /Users/jasonchen/Desktop/self/forge-cli/node_modules/nx/src/plugins/package-json' 102.1621250002645ms
[NX Daemon Server] - 2025-02-14T15:25:56.322Z - Time taken for 'Load Nx Plugin: /Users/jasonchen/Desktop/self/forge-cli/node_modules/nx/src/plugins/project-json/build-nodes/project-json' 102.45687499968335ms
[NX Daemon Server] - 2025-02-14T15:25:56.325Z - [REQUEST]: Updated workspace context based on watched changes, recomputing project graph...
[NX Daemon Server] - 2025-02-14T15:25:56.325Z - [REQUEST]: 
[NX Daemon Server] - 2025-02-14T15:25:56.325Z - [REQUEST]: 
[NX Daemon Server] - 2025-02-14T15:25:56.328Z - Time taken for 'loadDefaultNxPlugins' 105.94700000016019ms
[NX Daemon Server] - 2025-02-14T15:25:56.339Z - Time taken for 'build-project-configs' 6.142207999713719ms
[NX Daemon Server] - 2025-02-14T15:25:56.346Z - [SYNC]: collect registered sync generators
[NX Daemon Server] - 2025-02-14T15:25:56.346Z - [REQUEST]: Responding to the client. project-graph
[NX Daemon Server] - 2025-02-14T15:25:56.346Z - Time taken for 'total for creating and serializing project graph' 127.44512499962002ms
[NX Daemon Server] - 2025-02-14T15:25:56.347Z - Done responding to the client project-graph
[NX Daemon Server] - 2025-02-14T15:25:56.347Z - Handled REQUEST_PROJECT_GRAPH. Handling time: 128. Response time: 1.
[NX Daemon Server] - 2025-02-14T15:25:56.348Z - [REQUEST]: Responding to the client. handleContextFileData
[NX Daemon Server] - 2025-02-14T15:25:56.348Z - Done responding to the client handleContextFileData
[NX Daemon Server] - 2025-02-14T15:25:56.348Z - Handled GET_CONTEXT_FILE_DATA. Handling time: 0. Response time: 0.
[NX Daemon Server] - 2025-02-14T15:26:01.077Z - Closed a connection. Number of open connections: 0
[NX Daemon Server] - 2025-02-14T15:26:31.414Z - [WATCHER]: nx.json was modified
[NX Daemon Server] - 2025-02-14T15:26:31.414Z - [WATCHER]: Processing file changes in outputs
[NX Daemon Server] - 2025-02-14T15:26:31.514Z - [REQUEST]: Updated workspace context based on watched changes, recomputing project graph...
[NX Daemon Server] - 2025-02-14T15:26:31.514Z - [REQUEST]: nx.json
[NX Daemon Server] - 2025-02-14T15:26:31.514Z - [REQUEST]: 
[NX Daemon Server] - 2025-02-14T15:26:31.516Z - Time taken for 'hash changed files from watcher' 0.06670799991115928ms
[NX Daemon Server] - 2025-02-14T15:26:31.520Z - Time taken for 'build-project-configs' 3.6808339999988675ms
[NX Daemon Server] - 2025-02-14T15:26:31.527Z - [SYNC]: collect registered sync generators
[NX Daemon Server] - 2025-02-14T15:26:31.527Z - [SYNC]: project graph hash is the same, not collecting task sync generators
[NX Daemon Server] - 2025-02-14T15:26:31.527Z - [SYNC]: nx.json hash is the same, not collecting global sync generators
[NX Daemon Server] - 2025-02-14T15:26:31.527Z - Time taken for 'total execution time for createProjectGraph()' 5.404957999940962ms
[NX Daemon Server] - 2025-02-14T15:26:31.928Z - [WATCHER]: nx.json was modified
[NX Daemon Server] - 2025-02-14T15:26:31.929Z - [WATCHER]: Processing file changes in outputs
[NX Daemon Server] - 2025-02-14T15:26:32.130Z - [REQUEST]: Updated workspace context based on watched changes, recomputing project graph...
[NX Daemon Server] - 2025-02-14T15:26:32.130Z - [REQUEST]: nx.json
[NX Daemon Server] - 2025-02-14T15:26:32.130Z - [REQUEST]: 
[NX Daemon Server] - 2025-02-14T15:26:32.133Z - Time taken for 'hash changed files from watcher' 0.1289170002564788ms
[NX Daemon Server] - 2025-02-14T15:26:32.139Z - Time taken for 'build-project-configs' 6.075457999948412ms
[NX Daemon Server] - 2025-02-14T15:26:32.148Z - [SYNC]: collect registered sync generators
[NX Daemon Server] - 2025-02-14T15:26:32.149Z - [SYNC]: project graph hash is the same, not collecting task sync generators
[NX Daemon Server] - 2025-02-14T15:26:32.149Z - [SYNC]: nx.json hash is the same, not collecting global sync generators
[NX Daemon Server] - 2025-02-14T15:26:32.149Z - Time taken for 'total execution time for createProjectGraph()' 7.411375000141561ms
[NX Daemon Server] - 2025-02-14T15:26:32.381Z - [WATCHER]: nx.json was modified
[NX Daemon Server] - 2025-02-14T15:26:32.381Z - [WATCHER]: Processing file changes in outputs
[NX Daemon Server] - 2025-02-14T15:26:32.715Z - [WATCHER]: nx.json was modified
[NX Daemon Server] - 2025-02-14T15:26:32.715Z - [WATCHER]: Processing file changes in outputs
[NX Daemon Server] - 2025-02-14T15:26:32.781Z - [REQUEST]: Updated workspace context based on watched changes, recomputing project graph...
[NX Daemon Server] - 2025-02-14T15:26:32.781Z - [REQUEST]: nx.json
[NX Daemon Server] - 2025-02-14T15:26:32.781Z - [REQUEST]: 
[NX Daemon Server] - 2025-02-14T15:26:32.783Z - Time taken for 'hash changed files from watcher' 0.07141700014472008ms
[NX Daemon Server] - 2025-02-14T15:26:32.787Z - Time taken for 'build-project-configs' 4.60004199994728ms
[NX Daemon Server] - 2025-02-14T15:26:32.792Z - [SYNC]: collect registered sync generators
[NX Daemon Server] - 2025-02-14T15:26:32.793Z - [SYNC]: project graph hash is the same, not collecting task sync generators
[NX Daemon Server] - 2025-02-14T15:26:32.793Z - [SYNC]: nx.json hash is the same, not collecting global sync generators
[NX Daemon Server] - 2025-02-14T15:26:32.793Z - Time taken for 'total execution time for createProjectGraph()' 3.9730829996988177ms
[NX Daemon Server] - 2025-02-14T15:26:33.023Z - [WATCHER]: nx.json was modified
[NX Daemon Server] - 2025-02-14T15:26:33.023Z - [WATCHER]: Processing file changes in outputs
[NX Daemon Server] - 2025-02-14T15:26:33.824Z - [REQUEST]: Updated workspace context based on watched changes, recomputing project graph...
[NX Daemon Server] - 2025-02-14T15:26:33.825Z - [REQUEST]: nx.json
[NX Daemon Server] - 2025-02-14T15:26:33.825Z - [REQUEST]: 
[NX Daemon Server] - 2025-02-14T15:26:33.828Z - Time taken for 'hash changed files from watcher' 0.25904199993237853ms
[NX Daemon Server] - 2025-02-14T15:26:33.836Z - Time taken for 'build-project-configs' 7.995500000193715ms
[NX Daemon Server] - 2025-02-14T15:26:33.845Z - [SYNC]: collect registered sync generators
[NX Daemon Server] - 2025-02-14T15:26:33.845Z - [SYNC]: project graph hash is the same, not collecting task sync generators
[NX Daemon Server] - 2025-02-14T15:26:33.845Z - [SYNC]: nx.json hash is the same, not collecting global sync generators
[NX Daemon Server] - 2025-02-14T15:26:33.845Z - Time taken for 'total execution time for createProjectGraph()' 7.618749999906868ms
[NX Daemon Server] - 2025-02-14T15:27:46.895Z - [WATCHER]: .gitignore was modified
[NX Daemon Server] - 2025-02-14T15:27:46.896Z - [WATCHER]: Processing file changes in outputs
[NX Daemon Server] - 2025-02-14T15:27:46.896Z - [WATCHER]: Stopping the watcher for /Users/jasonchen/Desktop/self/forge-cli (sources)
[NX Daemon Server] - 2025-02-14T15:27:46.896Z - [WATCHER]: Stopping the watcher for /Users/jasonchen/Desktop/self/forge-cli (outputs)
[NX Daemon Server] - 2025-02-14T15:27:46.897Z - Server stopped because: "Stopping the daemon the set of ignored files changed (native)"
